Build started 13-Jun-16 7:24:23 PM.
     1>Project "C:\Users\Triantafyllopoulos\Documents\Visual Studio 2013\Projects\DiplomaThesis\GPUGem\GPUGem\GPUGem.vcxproj" on node 2 (Build target(s)).
     1>AddCudaCompileDeps:
         C:\Program Files (x86)\Microsoft Visual Studio 12.0\VC\bin\cl.exe /E /nologo /showIncludes /TP /D__CUDACC__ /DWIN32 /DNDEBUG /D_CONSOLE /D_MBCS /I"C:\Users\Triantafyllopoulos\Documents\Visual Studio 2013\Projects\DiplomaThesis\GPUGem\Libs" /I"C:\Users\Triantafyllopoulos\Documents\Visual Studio 2013\Projects\DiplomaThesis\GPUGem\Libs\FreeImage\Dist\x32\" /I"C:\Users\Triantafyllopoulos\Documents\Visual Studio 2013\Projects\DiplomaThesis\GPUGem\\Libs\glew-1.13.0\include\" /I"C:\Users\Triantafyllopoulos\Documents\Visual Studio 2013\Projects\DiplomaThesis\GPUGem\\Libs\glm\" /I"C:\Users\Triantafyllopoulos\Documents\Visual Studio 2013\Projects\DiplomaThesis\GPUGem\Libs\assimp-3.1.1\include\" /I"C:\Program Files\NVIDIA GPU Computing Toolkit\CUDA\v6.5\include" /I"C:\Program Files\NVIDIA GPU Computing Toolkit\CUDA\v6.5\include" /I"C:\Program Files\NVIDIA GPU Computing Toolkit\CUDA\v6.5\include" /I"C:\Program Files\NVIDIA GPU Computing Toolkit\CUDA\v6.5\include" /I"C:\Program Files\NVIDIA GPU Computing Toolkit\CUDA\v6.5\include" /I"C:\Program Files\NVIDIA GPU Computing Toolkit\CUDA\v6.5\bin" /I"C:\Program Files\NVIDIA GPU Computing Toolkit\CUDA\v6.5\include" /I. /FIcuda_runtime.h /c "C:\Users\Triantafyllopoulos\Documents\Visual Studio 2013\Projects\DiplomaThesis\GPUGem\GPUGem\CollisionDetectionCUDA.cu" 
       CudaBuild:
         Compiling CUDA source file CollisionDetectionCUDA.cu...
         cmd.exe /C "C:\Users\Triantafyllopoulos\AppData\Local\Temp\tmp5ae191a2d4b84969a5c90327a3ac5ab2.cmd"
         "C:\Program Files\NVIDIA GPU Computing Toolkit\CUDA\v6.5\bin\nvcc.exe" -gencode=arch=compute_12,code=\"sm_12,compute_12\" --use-local-env --cl-version 2013 -ccbin "C:\Program Files (x86)\Microsoft Visual Studio 12.0\VC\bin"  -I"C:\Users\Triantafyllopoulos\Documents\Visual Studio 2013\Projects\DiplomaThesis\GPUGem\Libs" -I"C:\Users\Triantafyllopoulos\Documents\Visual Studio 2013\Projects\DiplomaThesis\GPUGem\Libs\FreeImage\Dist\x32\\" -I"C:\Users\Triantafyllopoulos\Documents\Visual Studio 2013\Projects\DiplomaThesis\GPUGem\\Libs\glew-1.13.0\include\\" -I"C:\Users\Triantafyllopoulos\Documents\Visual Studio 2013\Projects\DiplomaThesis\GPUGem\\Libs\glm\\" -I"C:\Users\Triantafyllopoulos\Documents\Visual Studio 2013\Projects\DiplomaThesis\GPUGem\Libs\assimp-3.1.1\include\\" -I"C:\Program Files\NVIDIA GPU Computing Toolkit\CUDA\v6.5\include" -I"C:\Program Files\NVIDIA GPU Computing Toolkit\CUDA\v6.5\include" -I"C:\Program Files\NVIDIA GPU Computing Toolkit\CUDA\v6.5\include" -I"C:\Program Files\NVIDIA GPU Computing Toolkit\CUDA\v6.5\include" -I"C:\Program Files\NVIDIA GPU Computing Toolkit\CUDA\v6.5\include" -I"C:\Program Files\NVIDIA GPU Computing Toolkit\CUDA\v6.5\include"     --keep-dir Release -maxrregcount=0  --machine 32 --compile -cudart static     -DWIN32 -DNDEBUG -D_CONSOLE -D_MBCS -Xcompiler "/EHsc /W3 /nologo /O2 /Zi  /MD  " -o Release\CollisionDetectionCUDA.cu.obj "C:\Users\Triantafyllopoulos\Documents\Visual Studio 2013\Projects\DiplomaThesis\GPUGem\GPUGem\CollisionDetectionCUDA.cu"
         
         C:\Users\Triantafyllopoulos\Documents\Visual Studio 2013\Projects\DiplomaThesis\GPUGem\GPUGem>"C:\Program Files\NVIDIA GPU Computing Toolkit\CUDA\v6.5\bin\nvcc.exe" -gencode=arch=compute_12,code=\"sm_12,compute_12\" --use-local-env --cl-version 2013 -ccbin "C:\Program Files (x86)\Microsoft Visual Studio 12.0\VC\bin"  -I"C:\Users\Triantafyllopoulos\Documents\Visual Studio 2013\Projects\DiplomaThesis\GPUGem\Libs" -I"C:\Users\Triantafyllopoulos\Documents\Visual Studio 2013\Projects\DiplomaThesis\GPUGem\Libs\FreeImage\Dist\x32\\" -I"C:\Users\Triantafyllopoulos\Documents\Visual Studio 2013\Projects\DiplomaThesis\GPUGem\\Libs\glew-1.13.0\include\\" -I"C:\Users\Triantafyllopoulos\Documents\Visual Studio 2013\Projects\DiplomaThesis\GPUGem\\Libs\glm\\" -I"C:\Users\Triantafyllopoulos\Documents\Visual Studio 2013\Projects\DiplomaThesis\GPUGem\Libs\assimp-3.1.1\include\\" -I"C:\Program Files\NVIDIA GPU Computing Toolkit\CUDA\v6.5\include" -I"C:\Program Files\NVIDIA GPU Computing Toolkit\CUDA\v6.5\include" -I"C:\Program Files\NVIDIA GPU Computing Toolkit\CUDA\v6.5\include" -I"C:\Program Files\NVIDIA GPU Computing Toolkit\CUDA\v6.5\include" -I"C:\Program Files\NVIDIA GPU Computing Toolkit\CUDA\v6.5\include" -I"C:\Program Files\NVIDIA GPU Computing Toolkit\CUDA\v6.5\include"     --keep-dir Release -maxrregcount=0  --machine 32 --compile -cudart static     -DWIN32 -DNDEBUG -D_CONSOLE -D_MBCS -Xcompiler "/EHsc /W3 /nologo /O2 /Zi  /MD  " -o Release\CollisionDetectionCUDA.cu.obj "C:\Users\Triantafyllopoulos\Documents\Visual Studio 2013\Projects\DiplomaThesis\GPUGem\GPUGem\CollisionDetectionCUDA.cu" 
     1>C:/Users/Triantafyllopoulos/Documents/Visual Studio 2013/Projects/DiplomaThesis/GPUGem/GPUGem/CollisionDetectionCUDA.cu(86): warning : Cannot tell what pointer points to, assuming global memory space
     1>C:/Users/Triantafyllopoulos/Documents/Visual Studio 2013/Projects/DiplomaThesis/GPUGem/GPUGem/CollisionDetectionCUDA.cu(86): warning : Cannot tell what pointer points to, assuming global memory space
     1>C:/Users/Triantafyllopoulos/Documents/Visual Studio 2013/Projects/DiplomaThesis/GPUGem/GPUGem/CollisionDetectionCUDA.cu(86): warning : Cannot tell what pointer points to, assuming global memory space
     1>C:/Users/Triantafyllopoulos/Documents/Visual Studio 2013/Projects/DiplomaThesis/GPUGem/GPUGem/CollisionDetectionCUDA.cu(86): warning : Cannot tell what pointer points to, assuming global memory space
     1>C:/Users/Triantafyllopoulos/Documents/Visual Studio 2013/Projects/DiplomaThesis/GPUGem/GPUGem/CollisionDetectionCUDA.cu(87): warning : Cannot tell what pointer points to, assuming global memory space
     1>C:/Users/Triantafyllopoulos/Documents/Visual Studio 2013/Projects/DiplomaThesis/GPUGem/GPUGem/CollisionDetectionCUDA.cu(87): warning : Cannot tell what pointer points to, assuming global memory space
     1>C:/Users/Triantafyllopoulos/Documents/Visual Studio 2013/Projects/DiplomaThesis/GPUGem/GPUGem/CollisionDetectionCUDA.cu(87): warning : Cannot tell what pointer points to, assuming global memory space
     1>C:/Users/Triantafyllopoulos/Documents/Visual Studio 2013/Projects/DiplomaThesis/GPUGem/GPUGem/CollisionDetectionCUDA.cu(87): warning : Cannot tell what pointer points to, assuming global memory space
     1>C:/Users/Triantafyllopoulos/Documents/Visual Studio 2013/Projects/DiplomaThesis/GPUGem/GPUGem/CollisionDetectionCUDA.cu(87): warning : Cannot tell what pointer points to, assuming global memory space
     1>C:/Users/Triantafyllopoulos/Documents/Visual Studio 2013/Projects/DiplomaThesis/GPUGem/GPUGem/CollisionDetectionCUDA.cu(87): warning : Cannot tell what pointer points to, assuming global memory space
     1>C:/Users/Triantafyllopoulos/Documents/Visual Studio 2013/Projects/DiplomaThesis/GPUGem/GPUGem/CollisionDetectionCUDA.cu(108): warning : Cannot tell what pointer points to, assuming global memory space
     1>C:/Users/Triantafyllopoulos/Documents/Visual Studio 2013/Projects/DiplomaThesis/GPUGem/GPUGem/CollisionDetectionCUDA.cu(109): warning : Cannot tell what pointer points to, assuming global memory space
     1>CUDACOMPILE : nvcc warning : The 'compute_11', 'compute_12', 'compute_13', 'sm_11', 'sm_12', and 'sm_13' architectures are deprecated, and may be removed in a future release.
         CollisionDetectionCUDA.cu
     1>C:\Users\Triantafyllopoulos\Documents\Visual Studio 2013\Projects\DiplomaThesis\GPUGem\Libs\cub/test/test_util.h(540): warning C4800: 'char' : forcing value to bool 'true' or 'false' (performance warning)
     1>C:\Users\Triantafyllopoulos\Documents\Visual Studio 2013\Projects\DiplomaThesis\GPUGem\Libs\cub/test/test_util.h(548): warning C4800: 'int' : forcing value to bool 'true' or 'false' (performance warning)
       Link:
         C:\Program Files (x86)\Microsoft Visual Studio 12.0\VC\bin\link.exe /ERRORREPORT:PROMPT /OUT:"C:\Users\Triantafyllopoulos\Documents\Visual Studio 2013\Projects\DiplomaThesis\GPUGem\Release\GPUGem.exe" /NOLOGO /LIBPATH:"C:\Users\Triantafyllopoulos\Documents\Visual Studio 2013\Projects\DiplomaThesis\GPUGem\\Libs\assimp-3.1.1\lib\\" /LIBPATH:"C:\Program Files\NVIDIA GPU Computing Toolkit\CUDA\v6.5\lib\Win32" /LIBPATH:"C:\Program Files\NVIDIA GPU Computing Toolkit\CUDA\v6.5\lib\Win32" /LIBPATH:"C:\Program Files\NVIDIA GPU Computing Toolkit\CUDA\v6.5\lib\Win32" cudart.lib kernel32.lib user32.lib gdi32.lib winspool.lib comdlg32.lib advapi32.lib shell32.lib ole32.lib oleaut32.lib uuid.lib odbc32.lib odbccp32.lib "C:\Users\Triantafyllopoulos\Documents\Visual Studio 2013\Projects\DiplomaThesis\GPUGem\Libs\FreeImage\Dist\x32\FreeImage.lib" "C:\Users\Triantafyllopoulos\Documents\Visual Studio 2013\Projects\DiplomaThesis\GPUGem\Libs\glew-1.13.0\lib\Release\Win32\glew32.lib" "C:\Users\Triantafyllopoulos\Documents\Visual Studio 2013\Projects\DiplomaThesis\GPUGem\\Libs\assimp-3.1.1\lib\assimp.lib" kernel32.lib user32.lib gdi32.lib winspool.lib comdlg32.lib advapi32.lib shell32.lib ole32.lib oleaut32.lib uuid.lib odbc32.lib odbccp32.lib /MANIFEST /MANIFESTUAC:"level='asInvoker' uiAccess='false'" /manifest:embed /DEBUG /PDB:"C:\Users\Triantafyllopoulos\Documents\Visual Studio 2013\Projects\DiplomaThesis\GPUGem\Release\GPUGem.pdb" /SUBSYSTEM:CONSOLE /OPT:REF /OPT:ICF /LTCG /TLBID:1 /DYNAMICBASE /NXCOMPAT /IMPLIB:"C:\Users\Triantafyllopoulos\Documents\Visual Studio 2013\Projects\DiplomaThesis\GPUGem\Release\GPUGem.lib" /MACHINE:X86 /SAFESEH Release\addKernel.cu.obj
         Release\CollisionDetectionCUDA.cu.obj
         Release\customBlockRadixSort.cu.obj
         Release\generateBVH.cu.obj
         Release\physicsKernels.cu.obj
         Release\CustomBVHtree.obj
         Release\main.obj
         Release\objModel.obj
         Release\PhysicsEngineCUDA.obj
         Release\Renderable.obj
         Release\Renderable_GL3.obj
         Release\RigidBody.obj
         Release\Shader.obj
         Release\texture.obj
         Release\vertexBufferObject.obj
         Release\Viewer.obj
         Release\Viewer_GL3.obj
         Release\VirtualWorld.obj
         Release\WindowsHandler.obj
         Generating code
         Finished generating code
         GPUGem.vcxproj -> C:\Users\Triantafyllopoulos\Documents\Visual Studio 2013\Projects\DiplomaThesis\GPUGem\Release\GPUGem.exe
       PostBuildEvent:
         echo copy "C:\Program Files\NVIDIA GPU Computing Toolkit\CUDA\v6.5\bin\cudart*.dll" "C:\Users\Triantafyllopoulos\Documents\Visual Studio 2013\Projects\DiplomaThesis\GPUGem\Release\"
         copy "C:\Program Files\NVIDIA GPU Computing Toolkit\CUDA\v6.5\bin\cudart*.dll" "C:\Users\Triantafyllopoulos\Documents\Visual Studio 2013\Projects\DiplomaThesis\GPUGem\Release\"
         :VCEnd
         copy "C:\Program Files\NVIDIA GPU Computing Toolkit\CUDA\v6.5\bin\cudart*.dll" "C:\Users\Triantafyllopoulos\Documents\Visual Studio 2013\Projects\DiplomaThesis\GPUGem\Release\"
         C:\Program Files\NVIDIA GPU Computing Toolkit\CUDA\v6.5\bin\cudart32_65.dll
         C:\Program Files\NVIDIA GPU Computing Toolkit\CUDA\v6.5\bin\cudart64_65.dll
                 2 file(s) copied.
     1>Done Building Project "C:\Users\Triantafyllopoulos\Documents\Visual Studio 2013\Projects\DiplomaThesis\GPUGem\GPUGem\GPUGem.vcxproj" (Build target(s)).

Build succeeded.

Time Elapsed 00:00:41.17
