i:\documents\visual studio 2013\projects\diploma_thesis\learning\gpugem\gpugem\debug\vc120.pdb
i:\documents\visual studio 2013\projects\diploma_thesis\learning\gpugem\gpugem\debug\vc120.idb
i:\documents\visual studio 2013\projects\diploma_thesis\learning\gpugem\gpugem\debug\main.obj
i:\documents\visual studio 2013\projects\diploma_thesis\learning\gpugem\gpugem\debug\renderable.obj
i:\documents\visual studio 2013\projects\diploma_thesis\learning\gpugem\gpugem\debug\renderable_gl3.obj
i:\documents\visual studio 2013\projects\diploma_thesis\learning\gpugem\gpugem\debug\rigidbody.obj
i:\documents\visual studio 2013\projects\diploma_thesis\learning\gpugem\gpugem\debug\shader.obj
i:\documents\visual studio 2013\projects\diploma_thesis\learning\gpugem\gpugem\debug\viewer.obj
i:\documents\visual studio 2013\projects\diploma_thesis\learning\gpugem\gpugem\debug\viewer_gl3.obj
i:\documents\visual studio 2013\projects\diploma_thesis\learning\gpugem\gpugem\debug\virtualworld.obj
i:\documents\visual studio 2013\projects\diploma_thesis\learning\gpugem\gpugem\debug\windowshandler.obj
i:\documents\visual studio 2013\projects\diploma_thesis\learning\gpugem\gpugem\debug\objmodel.obj
i:\documents\visual studio 2013\projects\diploma_thesis\learning\gpugem\gpugem\debug\texture.obj
i:\documents\visual studio 2013\projects\diploma_thesis\learning\gpugem\gpugem\debug\vertexbufferobject.obj
i:\documents\visual studio 2013\projects\diploma_thesis\learning\gpugem\gpugem\debug\physicsenginecuda.obj
i:\documents\visual studio 2013\projects\diploma_thesis\learning\gpugem\gpugem\debug\custombvhtree.obj
i:\documents\visual studio 2013\projects\diploma_thesis\learning\gpugem\debug\gpugem.ilk
i:\documents\visual studio 2013\projects\diploma_thesis\learning\gpugem\debug\gpugem.exe
i:\documents\visual studio 2013\projects\diploma_thesis\learning\gpugem\debug\gpugem.pdb
i:\documents\visual studio 2013\projects\diploma_thesis\learning\gpugem\gpugem\debug\addkernel.cu.cache
i:\documents\visual studio 2013\projects\diploma_thesis\learning\gpugem\gpugem\debug\animatekernel.cu.cache
i:\documents\visual studio 2013\projects\diploma_thesis\learning\gpugem\gpugem\debug\collisiondetectioncuda.cu.cache
i:\documents\visual studio 2013\projects\diploma_thesis\learning\gpugem\gpugem\debug\customblockradixsort.cu.cache
i:\documents\visual studio 2013\projects\diploma_thesis\learning\gpugem\gpugem\debug\generatebvh.cu.cache
i:\documents\visual studio 2013\projects\diploma_thesis\learning\gpugem\gpugem\debug\initializeparticles.cu.cache
i:\documents\visual studio 2013\projects\diploma_thesis\learning\gpugem\gpugem\debug\kernel.cu.cache
i:\documents\visual studio 2013\projects\diploma_thesis\learning\gpugem\gpugem\debug\physicskernels.cu.cache
i:\documents\visual studio 2013\projects\diploma_thesis\learning\gpugem\gpugem\debug\addkernel.cu.obj
i:\documents\visual studio 2013\projects\diploma_thesis\learning\gpugem\gpugem\debug\animatekernel.cu.obj
i:\documents\visual studio 2013\projects\diploma_thesis\learning\gpugem\gpugem\debug\collisiondetectioncuda.cu.obj
i:\documents\visual studio 2013\projects\diploma_thesis\learning\gpugem\gpugem\debug\customblockradixsort.cu.obj
i:\documents\visual studio 2013\projects\diploma_thesis\learning\gpugem\gpugem\debug\generatebvh.cu.obj
i:\documents\visual studio 2013\projects\diploma_thesis\learning\gpugem\gpugem\debug\initializeparticles.cu.obj
i:\documents\visual studio 2013\projects\diploma_thesis\learning\gpugem\gpugem\debug\kernel.cu.obj
i:\documents\visual studio 2013\projects\diploma_thesis\learning\gpugem\gpugem\debug\physicskernels.cu.obj
i:\documents\visual studio 2013\projects\diploma_thesis\learning\gpugem\gpugem\debug\gpugem.tlog\cl.command.1.tlog
i:\documents\visual studio 2013\projects\diploma_thesis\learning\gpugem\gpugem\debug\gpugem.tlog\cl.read.1.tlog
i:\documents\visual studio 2013\projects\diploma_thesis\learning\gpugem\gpugem\debug\gpugem.tlog\cl.write.1.tlog
i:\documents\visual studio 2013\projects\diploma_thesis\learning\gpugem\gpugem\debug\gpugem.tlog\link.command.1.tlog
i:\documents\visual studio 2013\projects\diploma_thesis\learning\gpugem\gpugem\debug\gpugem.tlog\link.read.1.tlog
i:\documents\visual studio 2013\projects\diploma_thesis\learning\gpugem\gpugem\debug\gpugem.tlog\link.write.1.tlog
